20231121	10:57:27	913b6ab7-be95-494e-8145-3cae885f52f5	GET	/	undefined
20231121	10:57:27	0562960e-f3dc-485e-bc69-ac2cec34d148	GET	/css/style.css	undefined
20231121	10:57:27	d50cdf72-ec21-401c-8b6e-ee430dbf9d5f	GET	/favicon.ico	undefined
20231121	10:57:31	981c45dd-fcc6-4615-8bca-a8c82ac635d5	GET	/users	undefined
20231121	10:58:01	b269ec82-15f0-4fd1-9114-4dc24779d015	GET	/css/style.css	undefined
20231121	11:05:41	e4317b48-a9b0-4721-9134-fdb7b4b52f94	POST	/users	undefined
20231121	11:07:03	9ef5353d-0044-4527-8f9e-d3f50c76db26	POST	/users	undefined
20231121	11:09:22	51c86f52-191f-4105-96d5-8e678929ca1d	POST	/users	undefined
20231121	11:10:07	e3995b34-7e99-493f-8a38-101a8e0a0b97	POST	/users	undefined
20231121	11:11:02	34ededf7-ac96-42b0-9606-4c67adf610db	POST	/users	undefined
20231121	11:11:24	65b66725-22c1-4feb-9df1-af576b81eb29	POST	/users	undefined
20231121	11:11:51	0e73b6b9-c269-4546-9555-6c285bf1a2aa	POST	/users/	undefined
20231121	11:15:46	9143ca69-7615-4db0-85d7-08d514b4cc7b	POST	/users/	undefined
20231121	11:17:28	a43a1a00-65d0-4bd7-a82d-1fc5c2052562	POST	/users/	undefined
20231121	11:17:42	b66d6855-5fbd-48fe-8453-26a6956901a6	POST	/users/	undefined
20231121	11:17:51	f3723c2d-20ee-4851-981f-c66496fcfb7b	POST	/users/	undefined
20231121	11:18:26	0fb1dff2-74c2-40dd-bf63-ddf67142a6fd	POST	/users/	undefined
20231121	11:19:50	480c48ce-5949-4085-87f2-656235f29ea2	POST	/users/	undefined
20231121	11:25:22	9a69af2f-8060-48c6-a05a-fda83f946b01	POST	/users/	undefined
20231121	11:33:05	b0ac021e-36e1-4e43-8e37-6e0985087a76	GET	/users/?userId=655d0422d82bebc0a5ec2da7	undefined
20231121	11:33:51	8c9750c4-48a2-4b0b-b306-efe96f57040e	GET	/users/?userId=655d0422d82bebc0a5ec2da7	undefined
20231121	11:34:41	c2a19201-b7a9-4cbb-acd7-ee5f4c59fd51	GET	/users/?userId=655d0422d82bebc0a5ec2da7	undefined
20231121	11:36:13	f1bcd665-4927-4721-968d-beb0a5fb258e	GET	/users/?userId=655d0422d82bebc0a5ec2da7	undefined
20231121	11:36:42	b5dbc0c7-5794-4828-92ea-7686414bcfe9	GET	/users/?userId=655d0422d82bebc0a5ec2da7	undefined
20231121	11:38:20	88d0ef17-b604-4493-99c2-cc496eaca11e	GET	/users/?userId=655d0422d82bebc0a5ec2da7	undefined
20231121	11:41:18	1c0b6e01-c450-4141-9310-8b8b749a67d3	GET	/users/?username=mcmike7347	undefined
20231121	11:41:33	d621c70d-9ba9-4834-9ff8-81b26efddfb7	GET	/users/?username=mcmike7347	undefined
20231121	11:42:02	4899bbf7-a4e3-48ac-9999-54fae06ec3ca	GET	/users/?username=mcmike7347	undefined
20231121	11:43:10	2463b74a-b181-450b-b51d-4778527e985f	GET	/users/?username=mcmike7347	undefined
20231121	11:43:33	bb8c8974-f492-4710-a110-e955823bc1a6	GET	/users/?username=mcmike7347	undefined
20231121	11:43:34	9a8d2071-aeb0-4959-860d-459d76032327	GET	/users/?username=mcmike7347	undefined
20231121	11:43:55	06052052-27f0-491c-b58e-890238186fed	GET	/users/?username=mcmike7347	undefined
20231121	11:44:22	faf68af2-084b-48cb-a4d3-e839a18369c1	GET	/users/?username=mcmike7347	undefined
20231121	11:45:25	a1773028-d56d-4fd7-93e8-dee7068cddc2	GET	/users/?username=mcmike7347	undefined
20231121	11:49:59	76af3590-9d0e-446f-9728-d3a5652bbe1a	GET	/users/?username=mcmike7347	undefined
20231121	11:50:24	6af25cdb-bc81-4ee3-93cb-26ef6f46365b	GET	/users/?id=655d0422d82bebc0a5ec2da7	undefined
20231121	12:05:04	78193b18-c06e-46a7-a124-dd3651b78bab	PATCH	/users/	undefined
20231121	12:05:16	eb7864c5-d3eb-43c1-9bca-bb6307285ce2	PATCH	/users/	undefined
20231121	12:06:22	fac9a712-e0b1-4db7-ba18-24df3acf2ee1	PATCH	/users/	undefined
20231121	12:06:32	e4414470-03a3-44ce-a6f9-8e3720d538e9	PATCH	/users/	undefined
20231121	12:18:13	462708ee-55b8-4006-ac77-de38229a1125	GET	/trips/655d0422d82bebc0a5ec2da7	undefined
20231121	12:28:27	41e16b0a-c154-460f-8b9e-ac0fb8ee4908	POST	/trips/	undefined
20231121	12:35:19	11ad6ab3-28dd-4299-9d8e-6f9c34ceb47b	GET	/trips/655d0422d82bebc0a5ec2da7	undefined
20231121	12:35:29	0ab1666e-9b08-427c-8c2d-d2c8fd6613a1	GET	/trips/655d0422d82bebc0a5ec2da	undefined
20231121	12:35:33	7ae9c6e7-525d-4329-9d7c-51f3954f3418	GET	/trips/655d0422d82bebc0a5ec2da7	undefined
20231121	12:48:05	dcba159f-a7c7-4e67-a569-cf653f2d5297	PATCH	/trips/	undefined
20231121	12:49:06	407dfe8e-db2f-4814-9c66-fc0c6f7fc30e	PATCH	/trips/	undefined
20231121	12:49:47	6dee2d99-3b07-43aa-8bee-c196f223e896	PATCH	/trips/	undefined
20231121	12:50:31	415b7de6-b578-41e6-bfe2-89fafae86f36	PATCH	/trips/	undefined
20231121	12:51:06	ba06b6aa-1a34-4d81-b481-76558c7bc9ed	PATCH	/trips/	undefined
20231121	12:53:52	6587e135-e7a3-476f-bf65-effc61bf0061	DELETE	/trips/655d12ebee49847e024d62a3	undefined
20231121	12:54:16	11eb3c86-4bc1-4882-b49a-7fad67fb0e43	DELETE	/trips/id=655d12ebee49847e024d62a3	undefined
20231121	12:55:05	28ed407e-15b1-4b33-a30c-e6b03049f205	DELETE	/trips/?id=655d12ebee49847e024d62a3	undefined
20231121	12:56:13	6fada20e-4218-4fe5-84a7-04b9caf401bc	DELETE	/trips/?id=655d12ebee49847e024d62a3	undefined
20231121	12:56:59	bd257811-c041-44db-b33d-ef23277ca1ee	DELETE	/trips/?id=655d12ebee49847e024d62a3	undefined
20231121	13:01:48	c4f7f046-340f-4e5d-ad8d-357d2713c7d6	GET	/users/655d0422d82bebc0a5ec2da7	undefined
20231121	13:02:00	b886fd9c-9a3b-4f9d-b948-9a7ff5439fc3	GET	/users/?id=655d0422d82bebc0a5ec2da7	undefined
20231121	13:03:37	4516d9bd-53c3-429a-918b-8cbfff022736	POST	/trips/	undefined
20231121	13:04:03	d96e6067-c085-494f-8446-efe4301b6984	GET	/trips/?id=655d0422d82bebc0a5ec2da7	undefined
20231121	13:04:18	d22ed01a-996f-415b-99b0-052d13616697	GET	/trips/?id=655d1b2923c28f77c408d528	undefined
20231121	13:05:22	1f2e0ef1-a632-4694-9864-11a7caeb7482	GET	/trips/655d1b2923c28f77c408d528	undefined
20231121	13:05:31	dffe2925-3be4-4c60-8501-2ceb96a8b3ab	GET	/trips/655d0422d82bebc0a5ec2da7	undefined
20231121	13:06:57	2763f459-7372-4e7f-b265-5eba7b77f0a3	GET	/users/trips/655d0422d82bebc0a5ec2da7	undefined
20231121	13:07:28	f5be477f-1cab-4483-87ae-0e5bcf756002	GET	/users/trips/655d0422d82bebc0a5ec2da7	undefined
20231121	13:08:32	2878c09b-2e55-4e34-a201-37755829ea83	GET	/users/trips/?id=655d0422d82bebc0a5ec2da7	undefined
20231121	13:08:55	2eb3b696-da0e-411f-9357-7aa0bab88910	GET	/users/trips/?id=655d0422d82bebc0a5ec2da7	undefined
20231121	13:09:10	1a95fd3b-6c33-46da-ab30-43e7b0d80e7b	GET	/users/trips/?id=655d0422d82bebc0a5ec2da7	undefined
20231121	13:09:27	3deb85ab-fa7f-454e-ae03-56fdeaff89ae	GET	/users/trips/?id=655d0422d82bebc0a5ec2da7	undefined
20231121	13:27:41	8ab2e5aa-c801-4149-ab6b-05457950e18d	POST	/items/	undefined
20231121	13:28:25	dffed57c-cad0-453b-8330-d7e74bd773a9	POST	/items/	undefined
20231121	13:28:59	c0749747-d9f0-4d4c-b5bb-e0af471971b9	GET	/items/?id=655d20f9e5c76d884096cefa	undefined
20231121	13:29:39	3a41a47d-4852-4554-bc2a-e47dba5af9c6	PATCH	/items/	undefined
20231121	13:30:50	9d7f0c50-7050-4505-abf9-79fc3a2eab44	PATCH	/items/	undefined
20231121	13:31:13	1836b731-457a-4282-b1a9-7e587fae270b	PATCH	/trips/items/655d20f9e5c76d884096cefa	undefined
20231121	13:31:34	552b3245-db74-4a7b-8e21-bb2519c84e27	PATCH	/trips/items/?id=655d1b2923c28f77c408d528	undefined
20231121	13:32:04	b4d99988-2465-44ac-b745-600a3d7dd943	GET	/trips/items/?id=655d1b2923c28f77c408d528	undefined
20231121	13:32:30	35accb4a-458e-444e-a75f-57009fd5ac28	GET	/trips/items/?id=655d1b2923c28f77c408d528	undefined
20231121	13:32:39	d7a4a4b7-ffdf-45a3-ba8a-f20c6a7d50e0	GET	/trips/items/?id=655d1b2923c28f77c408d52	undefined
20231121	13:32:42	34a955d3-742e-4f26-b050-d6f834ef7741	GET	/trips/items/?id=655d1b2923c28f77c408d528	undefined
20231121	13:33:37	3769b4ed-857f-4365-b511-8a50630b4900	GET	/users/?id=655d0422d82bebc0a5ec2da7	undefined
